0:0:0:0:0:0:0:1 - - [24/Aug/2025:17:04:13 -0500] "GET /accounts HTTP/1.1" 200 465 140895
0:0:0:0:0:0:0:1 - - [24/Aug/2025:17:04:25 -0500] "GET /accounts/1 HTTP/1.1" 200 124 23443
0:0:0:0:0:0:0:1 - - [24/Aug/2025:17:04:29 -0500] "GET /accounts/3 HTTP/1.1" 200 117 4941
0:0:0:0:0:0:0:1 - - [24/Aug/2025:17:05:09 -0500] "POST /accounts HTTP/1.1" 200 122 49354
0:0:0:0:0:0:0:1 - - [24/Aug/2025:17:09:01 -0500] "DELETE /accounts/5 HTTP/1.1" 405 119 76166
0:0:0:0:0:0:0:1 - - [24/Aug/2025:17:09:05 -0500] "DELETE /accounts/4 HTTP/1.1" 405 119 3791
0:0:0:0:0:0:0:1 - - [24/Aug/2025:17:09:30 -0500] "DELETE /accounts/4 HTTP/1.1" 405 119 67349
0:0:0:0:0:0:0:1 - - [24/Aug/2025:17:11:34 -0500] "DELETE /accounts/4 HTTP/1.1" 405 119 4702
0:0:0:0:0:0:0:1 - - [24/Aug/2025:17:17:57 -0500] "DELETE /accounts/4 HTTP/1.1" 405 119 63904
0:0:0:0:0:0:0:1 - - [24/Aug/2025:17:20:13 -0500] "GET /accounts HTTP/1.1" 200 465 120455
0:0:0:0:0:0:0:1 - - [24/Aug/2025:17:20:15 -0500] "GET /accounts/3 HTTP/1.1" 200 117 24577
0:0:0:0:0:0:0:1 - - [24/Aug/2025:17:20:19 -0500] "GET /accounts/4 HTTP/1.1" 200 125 5980
0:0:0:0:0:0:0:1 - - [24/Aug/2025:17:20:22 -0500] "GET /accounts/5 HTTP/1.1" 404 - 5066
0:0:0:0:0:0:0:1 - - [24/Aug/2025:17:20:41 -0500] "POST /accounts HTTP/1.1" 200 112 49967
0:0:0:0:0:0:0:1 - - [24/Aug/2025:17:20:49 -0500] "POST /accounts HTTP/1.1" 200 124 5895
0:0:0:0:0:0:0:1 - - [24/Aug/2025:17:20:51 -0500] "GET /accounts HTTP/1.1" 200 681 5711
0:0:0:0:0:0:0:1 - - [24/Aug/2025:17:21:04 -0500] "DELETE /accounts/4 HTTP/1.1" 405 119 17310
0:0:0:0:0:0:0:1 - - [24/Aug/2025:17:25:50 -0500] "GET /accounts HTTP/1.1" 200 465 136805
0:0:0:0:0:0:0:1 - - [24/Aug/2025:17:25:53 -0500] "GET /accounts/5 HTTP/1.1" 404 - 23521
0:0:0:0:0:0:0:1 - - [24/Aug/2025:17:25:55 -0500] "GET /accounts/2 HTTP/1.1" 200 126 5564
0:0:0:0:0:0:0:1 - - [24/Aug/2025:17:26:03 -0500] "POST /accounts HTTP/1.1" 200 124 50595
0:0:0:0:0:0:0:1 - - [24/Aug/2025:17:26:09 -0500] "GET /accounts/5 HTTP/1.1" 200 124 5130
0:0:0:0:0:0:0:1 - - [24/Aug/2025:17:26:19 -0500] "DELETE /accounts/5 HTTP/1.1" 403 - 20228
0:0:0:0:0:0:0:1 - - [24/Aug/2025:17:27:16 -0500] "DELETE /accounts/5 HTTP/1.1" 405 119 72612
0:0:0:0:0:0:0:1 - - [24/Aug/2025:17:27:19 -0500] "DELETE /accounts/4 HTTP/1.1" 405 119 6413
0:0:0:0:0:0:0:1 - - [24/Aug/2025:17:29:02 -0500] "DELETE /accounts/4 HTTP/1.1" 403 - 50083
0:0:0:0:0:0:0:1 - - [24/Aug/2025:17:29:06 -0500] "GET /accounts HTTP/1.1" 200 465 118629
0:0:0:0:0:0:0:1 - - [24/Aug/2025:17:29:10 -0500] "DELETE /accounts/3 HTTP/1.1" 403 - 5470
0:0:0:0:0:0:0:1 - - [24/Aug/2025:17:29:21 -0500] "DELETE /accounts/3 HTTP/1.1" 403 - 4552
0:0:0:0:0:0:0:1 - - [24/Aug/2025:17:30:41 -0500] "DELETE /accounts/3 HTTP/1.1" 405 119 70141
0:0:0:0:0:0:0:1 - - [24/Aug/2025:17:33:11 -0500] "DELETE /accounts/account/3 HTTP/1.1" 404 118 108863
0:0:0:0:0:0:0:1 - - [24/Aug/2025:17:33:41 -0500] "DELETE /accounts/account/3 HTTP/1.1" 404 118 8344
0:0:0:0:0:0:0:1 - - [24/Aug/2025:17:33:51 -0500] "DELETE /accounts/account/1 HTTP/1.1" 404 118 6249
0:0:0:0:0:0:0:1 - - [24/Aug/2025:17:33:53 -0500] "GET /accounts HTTP/1.1" 200 465 88189
0:0:0:0:0:0:0:1 - - [24/Aug/2025:17:33:55 -0500] "GET /accounts/2 HTTP/1.1" 200 126 21385
0:0:0:0:0:0:0:1 - - [24/Aug/2025:17:34:08 -0500] "DELETE /accounts/account/1 HTTP/1.1" 404 118 5624
0:0:0:0:0:0:0:1 - - [24/Aug/2025:17:34:43 -0500] "DELETE /accounts/1 HTTP/1.1" 500 122 6859737
0:0:0:0:0:0:0:1 - - [24/Aug/2025:17:37:35 -0500] "DELETE /accounts/1 HTTP/1.1" 200 53 6821243
0:0:0:0:0:0:0:1 - - [24/Aug/2025:17:38:35 -0500] "DELETE /accounts/6 HTTP/1.1" 404 - 3536570
0:0:0:0:0:0:0:1 - - [24/Aug/2025:17:39:29 -0500] "DELETE /accounts/6 HTTP/1.1" 200 42 2399381
0:0:0:0:0:0:0:1 - - [24/Aug/2025:17:45:15 -0500] "GET /accounts HTTP/1.1" 200 469 136156
0:0:0:0:0:0:0:1 - - [24/Aug/2025:17:45:25 -0500] "GET /accounts/2 HTTP/1.1" 200 127 26359
0:0:0:0:0:0:0:1 - - [24/Aug/2025:17:45:30 -0500] "POST /accounts HTTP/1.1" 200 122 47765
0:0:0:0:0:0:0:1 - - [24/Aug/2025:17:45:40 -0500] "DELETE /accounts/5 HTTP/1.1" 200 53 4858741
0:0:0:0:0:0:0:1 - - [24/Aug/2025:17:45:45 -0500] "POST /accounts/add-funds/2 HTTP/1.1" 404 120 18689
0:0:0:0:0:0:0:1 - - [24/Aug/2025:17:49:05 -0500] "POST /accounts/add-funds/2 HTTP/1.1" 200 49 172509
0:0:0:0:0:0:0:1 - - [24/Aug/2025:17:49:08 -0500] "GET /accounts HTTP/1.1" 200 469 15477
